[0.148s] DEBUG:colcon:Command line arguments: ['/usr/bin/colcon', 'build']
[0.148s] DEBUG:colcon:Parsed command line arguments: Namespace(log_base=None, log_level=None, verb_name='build', build_base='build', install_base='install', merge_install=False, symlink_install=False, test_result_base=None, continue_on_error=False, executor='parallel', parallel_workers=4, event_handlers=None, ignore_user_meta=False, metas=['./colcon.meta'], base_paths=['.'], packages_ignore=None, packages_ignore_regex=None, paths=None, packages_up_to=None, packages_up_to_regex=None, packages_above=None, packages_above_and_dependencies=None, packages_above_depth=None, packages_select_by_dep=None, packages_skip_by_dep=None, packages_skip_up_to=None, packages_select_build_failed=False, packages_skip_build_finished=False, packages_select_test_failures=False, packages_skip_test_passed=False, packages_select=None, packages_skip=None, packages_select_regex=None, packages_skip_regex=None, packages_start=None, packages_end=None, allow_overriding=[], cmake_args=None, cmake_target=None, cmake_target_skip_unavailable=False, cmake_clean_cache=False, cmake_clean_first=False, cmake_force_configure=False, ament_cmake_args=None, catkin_cmake_args=None, catkin_skip_building_tests=False, mixin_files=None, mixin=None, verb_parser=<colcon_mixin.mixin.mixin_argument.MixinArgumentDecorator object at 0x7ef07fb2f220>, verb_extension=<colcon_core.verb.build.BuildVerb object at 0x7ef07fc1f970>, main=<bound method BuildVerb.main of <colcon_core.verb.build.BuildVerb object at 0x7ef07fc1f970>>, mixin_verb=('build',))
[0.363s] Level 1:colcon.colcon_core.package_discovery:discover_packages(colcon_meta) check parameters
[0.363s] Level 1:colcon.colcon_core.package_discovery:discover_packages(recursive) check parameters
[0.363s] Level 1:colcon.colcon_core.package_discovery:discover_packages(ignore) check parameters
[0.363s] Level 1:colcon.colcon_core.package_discovery:discover_packages(path) check parameters
[0.363s] Level 1:colcon.colcon_core.package_discovery:discover_packages(colcon_meta) discover
[0.363s] Level 1:colcon.colcon_core.package_discovery:discover_packages(recursive) discover
[0.363s] INFO:colcon.colcon_core.package_discovery:Crawling recursively for packages in '/home/kubu/ROS2/ros2_ws/src/srvcli_matrix'
[0.363s] Level 1:colcon.colcon_core.package_identification:_identify(.) by extensions ['ignore', 'ignore_ament_install']
[0.363s] Level 1:colcon.colcon_core.package_identification:_identify(.) by extension 'ignore'
[0.364s] Level 1:colcon.colcon_core.package_identification:_identify(.) by extension 'ignore_ament_install'
[0.364s] Level 1:colcon.colcon_core.package_identification:_identify(.) by extensions ['colcon_pkg']
[0.364s] Level 1:colcon.colcon_core.package_identification:_identify(.) by extension 'colcon_pkg'
[0.364s] Level 1:colcon.colcon_core.package_identification:_identify(.) by extensions ['colcon_meta']
[0.364s] Level 1:colcon.colcon_core.package_identification:_identify(.) by extension 'colcon_meta'
[0.364s] Level 1:colcon.colcon_core.package_identification:_identify(.) by extensions ['ros']
[0.364s] Level 1:colcon.colcon_core.package_identification:_identify(.) by extension 'ros'
[0.387s] DEBUG:colcon.colcon_core.package_identification:Package '.' with type 'ros.ament_python' and name 'srvcli_matrix'
[0.387s] Level 1:colcon.colcon_core.package_discovery:discover_packages(recursive) using defaults
[0.387s] Level 1:colcon.colcon_core.package_discovery:discover_packages(ignore) discover
[0.387s] Level 1:colcon.colcon_core.package_discovery:discover_packages(ignore) using defaults
[0.387s] Level 1:colcon.colcon_core.package_discovery:discover_packages(path) discover
[0.387s] Level 1:colcon.colcon_core.package_discovery:discover_packages(path) using defaults
[0.409s] Level 1:colcon.colcon_core.package_discovery:discover_packages(prefix_path) check parameters
[0.409s] Level 1:colcon.colcon_core.package_discovery:discover_packages(prefix_path) discover
[0.411s] DEBUG:colcon.colcon_installed_package_information.package_discovery:Found 8 installed packages in /home/kubu/ROS2/ros2_ws/install
[0.413s] DEBUG:colcon.colcon_installed_package_information.package_discovery:Found 404 installed packages in /opt/ros/humble
[0.415s] Level 1:colcon.colcon_core.package_discovery:discover_packages(prefix_path) using defaults
[0.468s] Level 5:colcon.colcon_core.verb:set package 'srvcli_matrix' build argument 'cmake_args' from command line to 'None'
[0.468s] Level 5:colcon.colcon_core.verb:set package 'srvcli_matrix' build argument 'cmake_target' from command line to 'None'
[0.468s] Level 5:colcon.colcon_core.verb:set package 'srvcli_matrix' build argument 'cmake_target_skip_unavailable' from command line to 'False'
[0.468s] Level 5:colcon.colcon_core.verb:set package 'srvcli_matrix' build argument 'cmake_clean_cache' from command line to 'False'
[0.468s] Level 5:colcon.colcon_core.verb:set package 'srvcli_matrix' build argument 'cmake_clean_first' from command line to 'False'
[0.468s] Level 5:colcon.colcon_core.verb:set package 'srvcli_matrix' build argument 'cmake_force_configure' from command line to 'False'
[0.468s] Level 5:colcon.colcon_core.verb:set package 'srvcli_matrix' build argument 'ament_cmake_args' from command line to 'None'
[0.468s] Level 5:colcon.colcon_core.verb:set package 'srvcli_matrix' build argument 'catkin_cmake_args' from command line to 'None'
[0.468s] Level 5:colcon.colcon_core.verb:set package 'srvcli_matrix' build argument 'catkin_skip_building_tests' from command line to 'False'
[0.468s] DEBUG:colcon.colcon_core.verb:Building package 'srvcli_matrix' with the following arguments: {'ament_cmake_args': None, 'build_base': '/home/kubu/ROS2/ros2_ws/src/srvcli_matrix/build/srvcli_matrix', 'catkin_cmake_args': None, 'catkin_skip_building_tests': False, 'cmake_args': None, 'cmake_clean_cache': False, 'cmake_clean_first': False, 'cmake_force_configure': False, 'cmake_target': None, 'cmake_target_skip_unavailable': False, 'install_base': '/home/kubu/ROS2/ros2_ws/src/srvcli_matrix/install/srvcli_matrix', 'merge_install': False, 'path': '/home/kubu/ROS2/ros2_ws/src/srvcli_matrix', 'symlink_install': False, 'test_result_base': None}
[0.468s] INFO:colcon.colcon_core.executor:Executing jobs using 'parallel' executor
[0.469s] DEBUG:colcon.colcon_parallel_executor.executor.parallel:run_until_complete
[0.470s] INFO:colcon.colcon_ros.task.ament_python.build:Building ROS package in '/home/kubu/ROS2/ros2_ws/src/srvcli_matrix' with build type 'ament_python'
[0.470s] Level 1:colcon.colcon_core.shell:create_environment_hook('srvcli_matrix', 'ament_prefix_path')
[0.472s] INFO:colcon.colcon_core.plugin_system:Skipping extension 'colcon_core.shell.bat': Not used on non-Windows systems
[0.472s] INFO:colcon.colcon_core.shell:Creating environment hook '/home/kubu/ROS2/ros2_ws/src/srvcli_matrix/install/srvcli_matrix/share/srvcli_matrix/hook/ament_prefix_path.ps1'
[0.473s] INFO:colcon.colcon_core.shell:Creating environment descriptor '/home/kubu/ROS2/ros2_ws/src/srvcli_matrix/install/srvcli_matrix/share/srvcli_matrix/hook/ament_prefix_path.dsv'
[0.473s] INFO:colcon.colcon_core.shell:Creating environment hook '/home/kubu/ROS2/ros2_ws/src/srvcli_matrix/install/srvcli_matrix/share/srvcli_matrix/hook/ament_prefix_path.sh'
[0.474s] INFO:colcon.colcon_core.shell:Skip shell extension 'powershell' for command environment: Not usable outside of PowerShell
[0.474s] DEBUG:colcon.colcon_core.shell:Skip shell extension 'dsv' for command environment
[0.797s] INFO:colcon.colcon_core.task.python.build:Building Python package in '/home/kubu/ROS2/ros2_ws/src/srvcli_matrix'
[0.798s] INFO:colcon.colcon_core.shell:Skip shell extension 'powershell' for command environment: Not usable outside of PowerShell
[0.798s] DEBUG:colcon.colcon_core.shell:Skip shell extension 'dsv' for command environment
[1.353s] DEBUG:colcon.colcon_core.event_handler.log_command:Invoking command in '/home/kubu/ROS2/ros2_ws/src/srvcli_matrix': PYTHONPATH=/home/kubu/ROS2/ros2_ws/src/srvcli_matrix/build/srvcli_matrix/prefix_override:/usr/lib/python3/dist-packages/colcon_core/task/python/colcon_distutils_commands:/home/kubu/ROS2/ros2_ws/src/srvcli_matrix/install/srvcli_matrix/lib/python3.10/site-packages:${PYTHONPATH} /usr/bin/python3 -W ignore:setup.py install is deprecated setup.py egg_info --egg-base build/srvcli_matrix build --build-base /home/kubu/ROS2/ros2_ws/src/srvcli_matrix/build/srvcli_matrix/build install --record /home/kubu/ROS2/ros2_ws/src/srvcli_matrix/build/srvcli_matrix/install.log --single-version-externally-managed install_data
[1.710s] DEBUG:colcon.colcon_core.event_handler.log_command:Invoked command in '/home/kubu/ROS2/ros2_ws/src/srvcli_matrix' returned '0': PYTHONPATH=/home/kubu/ROS2/ros2_ws/src/srvcli_matrix/build/srvcli_matrix/prefix_override:/usr/lib/python3/dist-packages/colcon_core/task/python/colcon_distutils_commands:/home/kubu/ROS2/ros2_ws/src/srvcli_matrix/install/srvcli_matrix/lib/python3.10/site-packages:${PYTHONPATH} /usr/bin/python3 -W ignore:setup.py install is deprecated setup.py egg_info --egg-base build/srvcli_matrix build --build-base /home/kubu/ROS2/ros2_ws/src/srvcli_matrix/build/srvcli_matrix/build install --record /home/kubu/ROS2/ros2_ws/src/srvcli_matrix/build/srvcli_matrix/install.log --single-version-externally-managed install_data
[1.712s] Level 1:colcon.colcon_core.environment:checking '/home/kubu/ROS2/ros2_ws/src/srvcli_matrix/install/srvcli_matrix' for CMake module files
[1.712s] Level 1:colcon.colcon_core.environment:checking '/home/kubu/ROS2/ros2_ws/src/srvcli_matrix/install/srvcli_matrix' for CMake config files
[1.713s] Level 1:colcon.colcon_core.environment:checking '/home/kubu/ROS2/ros2_ws/src/srvcli_matrix/install/srvcli_matrix/lib'
[1.713s] Level 1:colcon.colcon_core.environment:checking '/home/kubu/ROS2/ros2_ws/src/srvcli_matrix/install/srvcli_matrix/bin'
[1.713s] Level 1:colcon.colcon_core.environment:checking '/home/kubu/ROS2/ros2_ws/src/srvcli_matrix/install/srvcli_matrix/lib/pkgconfig/srvcli_matrix.pc'
[1.713s] Level 1:colcon.colcon_core.environment:checking '/home/kubu/ROS2/ros2_ws/src/srvcli_matrix/install/srvcli_matrix/lib/python3.10/site-packages'
[1.713s] Level 1:colcon.colcon_core.shell:create_environment_hook('srvcli_matrix', 'pythonpath')
[1.713s] INFO:colcon.colcon_core.shell:Creating environment hook '/home/kubu/ROS2/ros2_ws/src/srvcli_matrix/install/srvcli_matrix/share/srvcli_matrix/hook/pythonpath.ps1'
[1.714s] INFO:colcon.colcon_core.shell:Creating environment descriptor '/home/kubu/ROS2/ros2_ws/src/srvcli_matrix/install/srvcli_matrix/share/srvcli_matrix/hook/pythonpath.dsv'
[1.714s] INFO:colcon.colcon_core.shell:Creating environment hook '/home/kubu/ROS2/ros2_ws/src/srvcli_matrix/install/srvcli_matrix/share/srvcli_matrix/hook/pythonpath.sh'
[1.715s] Level 1:colcon.colcon_core.environment:checking '/home/kubu/ROS2/ros2_ws/src/srvcli_matrix/install/srvcli_matrix/bin'
[1.715s] Level 1:colcon.colcon_core.environment:create_environment_scripts_only(srvcli_matrix)
[1.715s] INFO:colcon.colcon_core.shell:Creating package script '/home/kubu/ROS2/ros2_ws/src/srvcli_matrix/install/srvcli_matrix/share/srvcli_matrix/package.ps1'
[1.716s] INFO:colcon.colcon_core.shell:Creating package descriptor '/home/kubu/ROS2/ros2_ws/src/srvcli_matrix/install/srvcli_matrix/share/srvcli_matrix/package.dsv'
[1.716s] INFO:colcon.colcon_core.shell:Creating package script '/home/kubu/ROS2/ros2_ws/src/srvcli_matrix/install/srvcli_matrix/share/srvcli_matrix/package.sh'
[1.717s] INFO:colcon.colcon_core.shell:Creating package script '/home/kubu/ROS2/ros2_ws/src/srvcli_matrix/install/srvcli_matrix/share/srvcli_matrix/package.bash'
[1.717s] INFO:colcon.colcon_core.shell:Creating package script '/home/kubu/ROS2/ros2_ws/src/srvcli_matrix/install/srvcli_matrix/share/srvcli_matrix/package.zsh'
[1.718s] Level 1:colcon.colcon_core.environment:create_file_with_runtime_dependencies(/home/kubu/ROS2/ros2_ws/src/srvcli_matrix/install/srvcli_matrix/share/colcon-core/packages/srvcli_matrix)
[1.718s] DEBUG:colcon.colcon_parallel_executor.executor.parallel:closing loop
[1.719s] DEBUG:colcon.colcon_parallel_executor.executor.parallel:loop closed
[1.719s] DEBUG:colcon.colcon_parallel_executor.executor.parallel:run_until_complete finished with '0'
[1.719s] DEBUG:colcon.colcon_core.event_reactor:joining thread
[1.727s] INFO:colcon.colcon_core.plugin_system:Skipping extension 'colcon_notification.desktop_notification.notify_send': Could not find 'notify-send'
[1.727s] INFO:colcon.colcon_core.plugin_system:Skipping extension 'colcon_notification.desktop_notification.terminal_notifier': Not used on non-Darwin systems
[1.727s] INFO:colcon.colcon_core.plugin_system:Skipping extension 'colcon_notification.desktop_notification.win32': Not used on non-Windows systems
[1.727s] INFO:colcon.colcon_notification.desktop_notification:Sending desktop notification using 'notify2'
[1.752s] DEBUG:colcon.colcon_core.event_reactor:joined thread
[1.753s] INFO:colcon.colcon_core.shell:Creating prefix script '/home/kubu/ROS2/ros2_ws/src/srvcli_matrix/install/local_setup.ps1'
[1.754s] INFO:colcon.colcon_core.shell:Creating prefix util module '/home/kubu/ROS2/ros2_ws/src/srvcli_matrix/install/_local_setup_util_ps1.py'
[1.757s] INFO:colcon.colcon_core.shell:Creating prefix chain script '/home/kubu/ROS2/ros2_ws/src/srvcli_matrix/install/setup.ps1'
[1.759s] INFO:colcon.colcon_core.shell:Creating prefix script '/home/kubu/ROS2/ros2_ws/src/srvcli_matrix/install/local_setup.sh'
[1.761s] INFO:colcon.colcon_core.shell:Creating prefix util module '/home/kubu/ROS2/ros2_ws/src/srvcli_matrix/install/_local_setup_util_sh.py'
[1.761s] INFO:colcon.colcon_core.shell:Creating prefix chain script '/home/kubu/ROS2/ros2_ws/src/srvcli_matrix/install/setup.sh'
[1.765s] INFO:colcon.colcon_core.shell:Creating prefix script '/home/kubu/ROS2/ros2_ws/src/srvcli_matrix/install/local_setup.bash'
[1.766s] INFO:colcon.colcon_core.shell:Creating prefix chain script '/home/kubu/ROS2/ros2_ws/src/srvcli_matrix/install/setup.bash'
[1.768s] INFO:colcon.colcon_core.shell:Creating prefix script '/home/kubu/ROS2/ros2_ws/src/srvcli_matrix/install/local_setup.zsh'
[1.769s] INFO:colcon.colcon_core.shell:Creating prefix chain script '/home/kubu/ROS2/ros2_ws/src/srvcli_matrix/install/setup.zsh'
