[0.883s] Invoking command in '/home/kubu/ROS2/ros2_ws/src/srvcli_matrix': PYTHONPATH=/home/kubu/ROS2/ros2_ws/src/srvcli_matrix/build/srvcli_matrix/prefix_override:/usr/lib/python3/dist-packages/colcon_core/task/python/colcon_distutils_commands:/home/kubu/ROS2/ros2_ws/src/srvcli_matrix/install/srvcli_matrix/lib/python3.10/site-packages:${PYTHONPATH} /usr/bin/python3 -W ignore:setup.py install is deprecated setup.py egg_info --egg-base build/srvcli_matrix build --build-base /home/kubu/ROS2/ros2_ws/src/srvcli_matrix/build/srvcli_matrix/build install --record /home/kubu/ROS2/ros2_ws/src/srvcli_matrix/build/srvcli_matrix/install.log --single-version-externally-managed install_data
[1.180s] running egg_info
[1.181s] creating build/srvcli_matrix/srvcli_matrix.egg-info
[1.181s] writing build/srvcli_matrix/srvcli_matrix.egg-info/PKG-INFO
[1.181s] writing dependency_links to build/srvcli_matrix/srvcli_matrix.egg-info/dependency_links.txt
[1.181s] writing entry points to build/srvcli_matrix/srvcli_matrix.egg-info/entry_points.txt
[1.181s] writing requirements to build/srvcli_matrix/srvcli_matrix.egg-info/requires.txt
[1.182s] writing top-level names to build/srvcli_matrix/srvcli_matrix.egg-info/top_level.txt
[1.182s] writing manifest file 'build/srvcli_matrix/srvcli_matrix.egg-info/SOURCES.txt'
[1.183s] reading manifest file 'build/srvcli_matrix/srvcli_matrix.egg-info/SOURCES.txt'
[1.184s] writing manifest file 'build/srvcli_matrix/srvcli_matrix.egg-info/SOURCES.txt'
[1.184s] running build
[1.184s] running build_py
[1.184s] creating /home/kubu/ROS2/ros2_ws/src/srvcli_matrix/build/srvcli_matrix/build
[1.185s] creating /home/kubu/ROS2/ros2_ws/src/srvcli_matrix/build/srvcli_matrix/build/lib
[1.185s] creating /home/kubu/ROS2/ros2_ws/src/srvcli_matrix/build/srvcli_matrix/build/lib/srvcli_matrix
[1.185s] copying srvcli_matrix/position_client.py -> /home/kubu/ROS2/ros2_ws/src/srvcli_matrix/build/srvcli_matrix/build/lib/srvcli_matrix
[1.185s] copying srvcli_matrix/__init__.py -> /home/kubu/ROS2/ros2_ws/src/srvcli_matrix/build/srvcli_matrix/build/lib/srvcli_matrix
[1.185s] copying srvcli_matrix/position_service.py -> /home/kubu/ROS2/ros2_ws/src/srvcli_matrix/build/srvcli_matrix/build/lib/srvcli_matrix
[1.185s] running install
[1.185s] running install_lib
[1.186s] creating /home/kubu/ROS2/ros2_ws/src/srvcli_matrix/install/srvcli_matrix/lib/python3.10/site-packages/srvcli_matrix
[1.186s] copying /home/kubu/ROS2/ros2_ws/src/srvcli_matrix/build/srvcli_matrix/build/lib/srvcli_matrix/position_client.py -> /home/kubu/ROS2/ros2_ws/src/srvcli_matrix/install/srvcli_matrix/lib/python3.10/site-packages/srvcli_matrix
[1.186s] copying /home/kubu/ROS2/ros2_ws/src/srvcli_matrix/build/srvcli_matrix/build/lib/srvcli_matrix/__init__.py -> /home/kubu/ROS2/ros2_ws/src/srvcli_matrix/install/srvcli_matrix/lib/python3.10/site-packages/srvcli_matrix
[1.186s] copying /home/kubu/ROS2/ros2_ws/src/srvcli_matrix/build/srvcli_matrix/build/lib/srvcli_matrix/position_service.py -> /home/kubu/ROS2/ros2_ws/src/srvcli_matrix/install/srvcli_matrix/lib/python3.10/site-packages/srvcli_matrix
[1.187s] byte-compiling /home/kubu/ROS2/ros2_ws/src/srvcli_matrix/install/srvcli_matrix/lib/python3.10/site-packages/srvcli_matrix/position_client.py to position_client.cpython-310.pyc
[1.187s] byte-compiling /home/kubu/ROS2/ros2_ws/src/srvcli_matrix/install/srvcli_matrix/lib/python3.10/site-packages/srvcli_matrix/__init__.py to __init__.cpython-310.pyc
[1.188s] byte-compiling /home/kubu/ROS2/ros2_ws/src/srvcli_matrix/install/srvcli_matrix/lib/python3.10/site-packages/srvcli_matrix/position_service.py to position_service.cpython-310.pyc
[1.188s] running install_data
[1.188s] creating /home/kubu/ROS2/ros2_ws/src/srvcli_matrix/install/srvcli_matrix/share/ament_index
[1.189s] creating /home/kubu/ROS2/ros2_ws/src/srvcli_matrix/install/srvcli_matrix/share/ament_index/resource_index
[1.189s] creating /home/kubu/ROS2/ros2_ws/src/srvcli_matrix/install/srvcli_matrix/share/ament_index/resource_index/packages
[1.189s] copying resource/srvcli_matrix -> /home/kubu/ROS2/ros2_ws/src/srvcli_matrix/install/srvcli_matrix/share/ament_index/resource_index/packages
[1.189s] copying package.xml -> /home/kubu/ROS2/ros2_ws/src/srvcli_matrix/install/srvcli_matrix/share/srvcli_matrix
[1.189s] running install_egg_info
[1.191s] Copying build/srvcli_matrix/srvcli_matrix.egg-info to /home/kubu/ROS2/ros2_ws/src/srvcli_matrix/install/srvcli_matrix/lib/python3.10/site-packages/srvcli_matrix-0.0.0-py3.10.egg-info
[1.192s] running install_scripts
[1.213s] Installing pos_client script to /home/kubu/ROS2/ros2_ws/src/srvcli_matrix/install/srvcli_matrix/lib/srvcli_matrix
[1.213s] Installing pos_server script to /home/kubu/ROS2/ros2_ws/src/srvcli_matrix/install/srvcli_matrix/lib/srvcli_matrix
[1.213s] writing list of installed files to '/home/kubu/ROS2/ros2_ws/src/srvcli_matrix/build/srvcli_matrix/install.log'
[1.239s] Invoked command in '/home/kubu/ROS2/ros2_ws/src/srvcli_matrix' returned '0': PYTHONPATH=/home/kubu/ROS2/ros2_ws/src/srvcli_matrix/build/srvcli_matrix/prefix_override:/usr/lib/python3/dist-packages/colcon_core/task/python/colcon_distutils_commands:/home/kubu/ROS2/ros2_ws/src/srvcli_matrix/install/srvcli_matrix/lib/python3.10/site-packages:${PYTHONPATH} /usr/bin/python3 -W ignore:setup.py install is deprecated setup.py egg_info --egg-base build/srvcli_matrix build --build-base /home/kubu/ROS2/ros2_ws/src/srvcli_matrix/build/srvcli_matrix/build install --record /home/kubu/ROS2/ros2_ws/src/srvcli_matrix/build/srvcli_matrix/install.log --single-version-externally-managed install_data
